<?xml version="1.0" encoding="UTF-8"?>
<testng-results ignored="1" total="2" passed="1" failed="0" skipped="0">
  <reporter-output>
  </reporter-output>
  <suite started-at="2024-02-13T12:00:56 IST" name="Default suite" finished-at="2024-02-13T12:01:36 IST" duration-ms="39211">
    <groups>
    </groups>
    <test started-at="2024-02-13T12:00:56 IST" name="Default test" finished-at="2024-02-13T12:01:36 IST" duration-ms="39211">
      <class name="test.MirrawTesting">
        <test-method is-config="true" signature="setup()[pri:0, instance:test.MirrawTesting@6aeb35e6]" started-at="2024-02-13T12:00:56 IST" name="setup" finished-at="2024-02-13T12:00:58 IST" duration-ms="2089" status="PASS">
          <reporter-output>
          </reporter-output>
        </test-method> <!-- setup -->
        <test-method is-config="true" signature="url()[pri:0, instance:test.MirrawTesting@6aeb35e6]" started-at="2024-02-13T12:00:58 IST" name="url" finished-at="2024-02-13T12:01:05 IST" duration-ms="6704" status="PASS">
          <reporter-output>
          </reporter-output>
        </test-method> <!-- url -->
        <test-method signature="logintest()[pri:0, instance:test.MirrawTesting@6aeb35e6]" started-at="2024-02-13T12:01:05 IST" name="logintest" finished-at="2024-02-13T12:01:36 IST" duration-ms="30378" status="PASS">
          <reporter-output>
          </reporter-output>
        </test-method> <!-- logintest -->
      </class> <!-- test.MirrawTesting -->
    </test> <!-- Default test -->
  </suite> <!-- Default suite -->
</testng-results>
